<?xml version="1.0" encoding="UTF-8"?>
<testng-results skipped="0" failed="0" ignored="0" total="1" passed="1">
  <reporter-output>
  </reporter-output>
  <suite name="Default suite" duration-ms="41752" started-at="2020-05-20T13:54:17 IST" finished-at="2020-05-20T13:54:59 IST">
    <groups>
    </groups>
    <test name="Default test" duration-ms="41752" started-at="2020-05-20T13:54:17 IST" finished-at="2020-05-20T13:54:59 IST">
      <class name="pagefacory.fastest.Seatgenlogintest">
        <test-method status="PASS" signature="initiallization()[pri:0, instance:pagefacory.fastest.Seatgenlogintest@23e028a9]" name="initiallization" is-config="true" duration-ms="12915" started-at="2020-05-20T13:54:04 IST" finished-at="2020-05-20T13:54:17 IST">
          <reporter-output>
          </reporter-output>
        </test-method> <!-- initiallization -->
        <test-method status="PASS" signature="newgen()[pri:0, instance:pagefacory.fastest.Seatgenlogintest@23e028a9]" name="newgen" duration-ms="41697" started-at="2020-05-20T13:54:17 IST" finished-at="2020-05-20T13:54:59 IST">
          <reporter-output>
          </reporter-output>
        </test-method> <!-- newgen -->
      </class> <!-- pagefacory.fastest.Seatgenlogintest -->
    </test> <!-- Default test -->
  </suite> <!-- Default suite -->
</testng-results>
